[0.073s] Invoking command in '/home/moon/gzb_ws/build/ASIMOV_FINAL_v3': CMAKE_PREFIX_PATH=${CMAKE_PREFIX_PATH}:/opt/ros/humble /usr/bin/cmake /home/moon/gzb_ws/src/ASIMOV_FINAL_v3 -DCMAKE_INSTALL_PREFIX=/home/moon/gzb_ws/install/ASIMOV_FINAL_v3
[0.588s] -- The C compiler identification is GNU 11.4.0
[1.022s] -- The CXX compiler identification is GNU 11.4.0
[1.065s] -- Detecting C compiler ABI info
[1.577s] -- Detecting C compiler ABI info - done
[1.603s] -- Check for working C compiler: /usr/bin/cc - skipped
[1.605s] -- Detecting C compile features
[1.608s] -- Detecting C compile features - done
[1.621s] -- Detecting CXX compiler ABI info
[2.152s] -- Detecting CXX compiler ABI info - done
[2.178s] -- Check for working CXX compiler: /usr/bin/c++ - skipped
[2.179s] -- Detecting CXX compile features
[2.179s] -- Detecting CXX compile features - done
[2.197s] -- Found ament_cmake: 1.3.12 (/opt/ros/humble/share/ament_cmake/cmake)
[2.898s] -- Found Python3: /usr/bin/python3 (found version "3.10.12") found components: Interpreter 
[3.546s] WARNING: Package name "ASIMOV_FINAL_v3" does not follow the naming conventions. It should start with a lower case letter and only contain lower case letters, digits, underscores, and dashes.
[3.594s] -- Configuring done
[3.618s] -- Generating done
[3.630s] -- Build files have been written to: /home/moon/gzb_ws/build/ASIMOV_FINAL_v3
[3.658s] Invoked command in '/home/moon/gzb_ws/build/ASIMOV_FINAL_v3' returned '0': CMAKE_PREFIX_PATH=${CMAKE_PREFIX_PATH}:/opt/ros/humble /usr/bin/cmake /home/moon/gzb_ws/src/ASIMOV_FINAL_v3 -DCMAKE_INSTALL_PREFIX=/home/moon/gzb_ws/install/ASIMOV_FINAL_v3
[3.677s] Invoking command in '/home/moon/gzb_ws/build/ASIMOV_FINAL_v3': CMAKE_PREFIX_PATH=${CMAKE_PREFIX_PATH}:/opt/ros/humble /usr/bin/cmake --build /home/moon/gzb_ws/build/ASIMOV_FINAL_v3 -- -j4 -l4
[3.926s] Invoked command in '/home/moon/gzb_ws/build/ASIMOV_FINAL_v3' returned '0': CMAKE_PREFIX_PATH=${CMAKE_PREFIX_PATH}:/opt/ros/humble /usr/bin/cmake --build /home/moon/gzb_ws/build/ASIMOV_FINAL_v3 -- -j4 -l4
[3.995s] Invoking command in '/home/moon/gzb_ws/build/ASIMOV_FINAL_v3': CMAKE_PREFIX_PATH=${CMAKE_PREFIX_PATH}:/opt/ros/humble /usr/bin/cmake --install /home/moon/gzb_ws/build/ASIMOV_FINAL_v3
[4.038s] -- Install configuration: ""
[4.039s] -- Installing: /home/moon/gzb_ws/install/ASIMOV_FINAL_v3/share/ASIMOV_FINAL_v3/config
[4.040s] -- Installing: /home/moon/gzb_ws/install/ASIMOV_FINAL_v3/share/ASIMOV_FINAL_v3/config/joint_names_ASIMOV_FINAL_v3.yaml
[4.044s] -- Installing: /home/moon/gzb_ws/install/ASIMOV_FINAL_v3/share/ASIMOV_FINAL_v3/launch
[4.045s] -- Installing: /home/moon/gzb_ws/install/ASIMOV_FINAL_v3/share/ASIMOV_FINAL_v3/launch/display.launch.py
[4.049s] -- Installing: /home/moon/gzb_ws/install/ASIMOV_FINAL_v3/share/ASIMOV_FINAL_v3/meshes
[4.052s] -- Installing: /home/moon/gzb_ws/install/ASIMOV_FINAL_v3/share/ASIMOV_FINAL_v3/meshes/RL_wheel.STL
[4.087s] -- Installing: /home/moon/gzb_ws/install/ASIMOV_FINAL_v3/share/ASIMOV_FINAL_v3/meshes/RR_wheel.STL
[4.119s] -- Installing: /home/moon/gzb_ws/install/ASIMOV_FINAL_v3/share/ASIMOV_FINAL_v3/meshes/FL_wheel.STL
[4.151s] -- Installing: /home/moon/gzb_ws/install/ASIMOV_FINAL_v3/share/ASIMOV_FINAL_v3/meshes/base_link.STL
[4.376s] -- Installing: /home/moon/gzb_ws/install/ASIMOV_FINAL_v3/share/ASIMOV_FINAL_v3/meshes/FR_wheel.STL
[4.411s] -- Installing: /home/moon/gzb_ws/install/ASIMOV_FINAL_v3/share/ASIMOV_FINAL_v3/urdf
[4.412s] -- Installing: /home/moon/gzb_ws/install/ASIMOV_FINAL_v3/share/ASIMOV_FINAL_v3/urdf/ASIMOV_FINAL_v3.csv
[4.412s] -- Installing: /home/moon/gzb_ws/install/ASIMOV_FINAL_v3/share/ASIMOV_FINAL_v3/urdf/ASIMOV_FINAL_v3.urdf
[4.413s] -- Installing: /home/moon/gzb_ws/install/ASIMOV_FINAL_v3/share/ASIMOV_FINAL_v3/rviz
[4.414s] -- Installing: /home/moon/gzb_ws/install/ASIMOV_FINAL_v3/share/ASIMOV_FINAL_v3/rviz/config.rviz
[4.415s] -- Installing: /home/moon/gzb_ws/install/ASIMOV_FINAL_v3/share/ament_index/resource_index/package_run_dependencies/ASIMOV_FINAL_v3
[4.416s] -- Installing: /home/moon/gzb_ws/install/ASIMOV_FINAL_v3/share/ament_index/resource_index/parent_prefix_path/ASIMOV_FINAL_v3
[4.418s] -- Installing: /home/moon/gzb_ws/install/ASIMOV_FINAL_v3/share/ASIMOV_FINAL_v3/environment/ament_prefix_path.sh
[4.418s] -- Installing: /home/moon/gzb_ws/install/ASIMOV_FINAL_v3/share/ASIMOV_FINAL_v3/environment/ament_prefix_path.dsv
[4.421s] -- Installing: /home/moon/gzb_ws/install/ASIMOV_FINAL_v3/share/ASIMOV_FINAL_v3/environment/path.sh
[4.422s] -- Installing: /home/moon/gzb_ws/install/ASIMOV_FINAL_v3/share/ASIMOV_FINAL_v3/environment/path.dsv
[4.423s] -- Installing: /home/moon/gzb_ws/install/ASIMOV_FINAL_v3/share/ASIMOV_FINAL_v3/local_setup.bash
[4.424s] -- Installing: /home/moon/gzb_ws/install/ASIMOV_FINAL_v3/share/ASIMOV_FINAL_v3/local_setup.sh
[4.425s] -- Installing: /home/moon/gzb_ws/install/ASIMOV_FINAL_v3/share/ASIMOV_FINAL_v3/local_setup.zsh
[4.426s] -- Installing: /home/moon/gzb_ws/install/ASIMOV_FINAL_v3/share/ASIMOV_FINAL_v3/local_setup.dsv
[4.426s] -- Installing: /home/moon/gzb_ws/install/ASIMOV_FINAL_v3/share/ASIMOV_FINAL_v3/package.dsv
[4.428s] -- Installing: /home/moon/gzb_ws/install/ASIMOV_FINAL_v3/share/ament_index/resource_index/packages/ASIMOV_FINAL_v3
[4.429s] -- Installing: /home/moon/gzb_ws/install/ASIMOV_FINAL_v3/share/ASIMOV_FINAL_v3/cmake/ASIMOV_FINAL_v3Config.cmake
[4.431s] -- Installing: /home/moon/gzb_ws/install/ASIMOV_FINAL_v3/share/ASIMOV_FINAL_v3/cmake/ASIMOV_FINAL_v3Config-version.cmake
[4.432s] -- Installing: /home/moon/gzb_ws/install/ASIMOV_FINAL_v3/share/ASIMOV_FINAL_v3/package.xml
[4.444s] Invoked command in '/home/moon/gzb_ws/build/ASIMOV_FINAL_v3' returned '0': CMAKE_PREFIX_PATH=${CMAKE_PREFIX_PATH}:/opt/ros/humble /usr/bin/cmake --install /home/moon/gzb_ws/build/ASIMOV_FINAL_v3
