[0.066s] Invoking command in '/home/moon/gzb_ws/src/build/ASIMOV_FINAL_v3': CMAKE_PREFIX_PATH=${CMAKE_PREFIX_PATH}:/opt/ros/humble /usr/bin/cmake --build /home/moon/gzb_ws/src/build/ASIMOV_FINAL_v3 -- -j4 -l4
[0.275s] -- Found ament_cmake: 1.3.12 (/opt/ros/humble/share/ament_cmake/cmake)
[1.071s] WARNING: Package name "ASIMOV_FINAL_v3" does not follow the naming conventions. It should start with a lower case letter and only contain lower case letters, digits, underscores, and dashes.
[1.112s] -- Configuring done
[1.136s] -- Generating done
[1.146s] -- Build files have been written to: /home/moon/gzb_ws/src/build/ASIMOV_FINAL_v3
[1.298s] Invoked command in '/home/moon/gzb_ws/src/build/ASIMOV_FINAL_v3' returned '0': CMAKE_PREFIX_PATH=${CMAKE_PREFIX_PATH}:/opt/ros/humble /usr/bin/cmake --build /home/moon/gzb_ws/src/build/ASIMOV_FINAL_v3 -- -j4 -l4
[1.361s] Invoking command in '/home/moon/gzb_ws/src/build/ASIMOV_FINAL_v3': CMAKE_PREFIX_PATH=${CMAKE_PREFIX_PATH}:/opt/ros/humble /usr/bin/cmake --install /home/moon/gzb_ws/src/build/ASIMOV_FINAL_v3
[1.412s] -- Install configuration: ""
[1.413s] -- Up-to-date: /home/moon/gzb_ws/src/install/ASIMOV_FINAL_v3/share/ASIMOV_FINAL_v3/config
[1.414s] -- Up-to-date: /home/moon/gzb_ws/src/install/ASIMOV_FINAL_v3/share/ASIMOV_FINAL_v3/config/joint_names_ASIMOV_FINAL_v3.yaml
[1.414s] -- Up-to-date: /home/moon/gzb_ws/src/install/ASIMOV_FINAL_v3/share/ASIMOV_FINAL_v3/launch
[1.415s] -- Up-to-date: /home/moon/gzb_ws/src/install/ASIMOV_FINAL_v3/share/ASIMOV_FINAL_v3/launch/display.launch.py
[1.417s] -- Up-to-date: /home/moon/gzb_ws/src/install/ASIMOV_FINAL_v3/share/ASIMOV_FINAL_v3/meshes
[1.418s] -- Up-to-date: /home/moon/gzb_ws/src/install/ASIMOV_FINAL_v3/share/ASIMOV_FINAL_v3/meshes/RL_wheel.STL
[1.419s] -- Up-to-date: /home/moon/gzb_ws/src/install/ASIMOV_FINAL_v3/share/ASIMOV_FINAL_v3/meshes/RR_wheel.STL
[1.419s] -- Up-to-date: /home/moon/gzb_ws/src/install/ASIMOV_FINAL_v3/share/ASIMOV_FINAL_v3/meshes/FL_wheel.STL
[1.420s] -- Up-to-date: /home/moon/gzb_ws/src/install/ASIMOV_FINAL_v3/share/ASIMOV_FINAL_v3/meshes/base_link.STL
[1.420s] -- Up-to-date: /home/moon/gzb_ws/src/install/ASIMOV_FINAL_v3/share/ASIMOV_FINAL_v3/meshes/FR_wheel.STL
[1.421s] -- Up-to-date: /home/moon/gzb_ws/src/install/ASIMOV_FINAL_v3/share/ASIMOV_FINAL_v3/urdf
[1.421s] -- Up-to-date: /home/moon/gzb_ws/src/install/ASIMOV_FINAL_v3/share/ASIMOV_FINAL_v3/urdf/ASIMOV_FINAL_v3.csv
[1.421s] -- Up-to-date: /home/moon/gzb_ws/src/install/ASIMOV_FINAL_v3/share/ASIMOV_FINAL_v3/urdf/ASIMOV_FINAL_v3.urdf
[1.423s] -- Installing: /home/moon/gzb_ws/src/install/ASIMOV_FINAL_v3/share/ASIMOV_FINAL_v3/rviz
[1.423s] -- Installing: /home/moon/gzb_ws/src/install/ASIMOV_FINAL_v3/share/ASIMOV_FINAL_v3/rviz/config.rviz
[1.425s] -- Installing: /home/moon/gzb_ws/src/install/ASIMOV_FINAL_v3/share/ament_index/resource_index/package_run_dependencies/ASIMOV_FINAL_v3
[1.425s] -- Up-to-date: /home/moon/gzb_ws/src/install/ASIMOV_FINAL_v3/share/ament_index/resource_index/parent_prefix_path/ASIMOV_FINAL_v3
[1.426s] -- Up-to-date: /home/moon/gzb_ws/src/install/ASIMOV_FINAL_v3/share/ASIMOV_FINAL_v3/environment/ament_prefix_path.sh
[1.427s] -- Installing: /home/moon/gzb_ws/src/install/ASIMOV_FINAL_v3/share/ASIMOV_FINAL_v3/environment/ament_prefix_path.dsv
[1.428s] -- Up-to-date: /home/moon/gzb_ws/src/install/ASIMOV_FINAL_v3/share/ASIMOV_FINAL_v3/environment/path.sh
[1.429s] -- Installing: /home/moon/gzb_ws/src/install/ASIMOV_FINAL_v3/share/ASIMOV_FINAL_v3/environment/path.dsv
[1.429s] -- Up-to-date: /home/moon/gzb_ws/src/install/ASIMOV_FINAL_v3/share/ASIMOV_FINAL_v3/local_setup.bash
[1.429s] -- Up-to-date: /home/moon/gzb_ws/src/install/ASIMOV_FINAL_v3/share/ASIMOV_FINAL_v3/local_setup.sh
[1.430s] -- Up-to-date: /home/moon/gzb_ws/src/install/ASIMOV_FINAL_v3/share/ASIMOV_FINAL_v3/local_setup.zsh
[1.430s] -- Installing: /home/moon/gzb_ws/src/install/ASIMOV_FINAL_v3/share/ASIMOV_FINAL_v3/local_setup.dsv
[1.432s] -- Installing: /home/moon/gzb_ws/src/install/ASIMOV_FINAL_v3/share/ASIMOV_FINAL_v3/package.dsv
[1.433s] -- Up-to-date: /home/moon/gzb_ws/src/install/ASIMOV_FINAL_v3/share/ament_index/resource_index/packages/ASIMOV_FINAL_v3
[1.433s] -- Up-to-date: /home/moon/gzb_ws/src/install/ASIMOV_FINAL_v3/share/ASIMOV_FINAL_v3/cmake/ASIMOV_FINAL_v3Config.cmake
[1.434s] -- Up-to-date: /home/moon/gzb_ws/src/install/ASIMOV_FINAL_v3/share/ASIMOV_FINAL_v3/cmake/ASIMOV_FINAL_v3Config-version.cmake
[1.434s] -- Installing: /home/moon/gzb_ws/src/install/ASIMOV_FINAL_v3/share/ASIMOV_FINAL_v3/package.xml
[1.448s] Invoked command in '/home/moon/gzb_ws/src/build/ASIMOV_FINAL_v3' returned '0': CMAKE_PREFIX_PATH=${CMAKE_PREFIX_PATH}:/opt/ros/humble /usr/bin/cmake --install /home/moon/gzb_ws/src/build/ASIMOV_FINAL_v3
