[0.458s] DEBUG:colcon:Command line arguments: ['/usr/bin/colcon', 'build']
[0.458s] DEBUG:colcon:Parsed command line arguments: Namespace(log_base=None, log_level=None, verb_name='build', build_base='build', install_base='install', merge_install=False, symlink_install=False, test_result_base=None, continue_on_error=False, executor='parallel', parallel_workers=4, event_handlers=None, ignore_user_meta=False, metas=['./colcon.meta'], base_paths=['.'], packages_ignore=None, packages_ignore_regex=None, paths=None, packages_up_to=None, packages_up_to_regex=None, packages_above=None, packages_above_and_dependencies=None, packages_above_depth=None, packages_select_by_dep=None, packages_skip_by_dep=None, packages_skip_up_to=None, packages_select_build_failed=False, packages_skip_build_finished=False, packages_select_test_failures=False, packages_skip_test_passed=False, packages_select=None, packages_skip=None, packages_select_regex=None, packages_skip_regex=None, packages_start=None, packages_end=None, allow_overriding=[], cmake_args=None, cmake_target=None, cmake_target_skip_unavailable=False, cmake_clean_cache=False, cmake_clean_first=False, cmake_force_configure=False, ament_cmake_args=None, catkin_cmake_args=None, catkin_skip_building_tests=False, mixin_files=None, mixin=None, verb_parser=<colcon_mixin.mixin.mixin_argument.MixinArgumentDecorator object at 0x7f1a4aeff160>, verb_extension=<colcon_core.verb.build.BuildVerb object at 0x7f1a4aefead0>, main=<bound method BuildVerb.main of <colcon_core.verb.build.BuildVerb object at 0x7f1a4aefead0>>, mixin_verb=('build',))
[1.285s] Level 1:colcon.colcon_core.package_discovery:discover_packages(colcon_meta) check parameters
[1.286s] Level 1:colcon.colcon_core.package_discovery:discover_packages(recursive) check parameters
[1.286s] Level 1:colcon.colcon_core.package_discovery:discover_packages(ignore) check parameters
[1.286s] Level 1:colcon.colcon_core.package_discovery:discover_packages(path) check parameters
[1.286s] Level 1:colcon.colcon_core.package_discovery:discover_packages(colcon_meta) discover
[1.287s] Level 1:colcon.colcon_core.package_discovery:discover_packages(recursive) discover
[1.287s] INFO:colcon.colcon_core.package_discovery:Crawling recursively for packages in '/home/moon/gzb_ws/src'
[1.287s] Level 1:colcon.colcon_core.package_identification:_identify(.) by extensions ['ignore', 'ignore_ament_install']
[1.288s] Level 1:colcon.colcon_core.package_identification:_identify(.) by extension 'ignore'
[1.288s] Level 1:colcon.colcon_core.package_identification:_identify(.) by extension 'ignore_ament_install'
[1.288s] Level 1:colcon.colcon_core.package_identification:_identify(.) by extensions ['colcon_pkg']
[1.288s] Level 1:colcon.colcon_core.package_identification:_identify(.) by extension 'colcon_pkg'
[1.288s] Level 1:colcon.colcon_core.package_identification:_identify(.) by extensions ['colcon_meta']
[1.288s] Level 1:colcon.colcon_core.package_identification:_identify(.) by extension 'colcon_meta'
[1.289s] Level 1:colcon.colcon_core.package_identification:_identify(.) by extensions ['ros']
[1.290s] Level 1:colcon.colcon_core.package_identification:_identify(.) by extension 'ros'
[1.355s] Level 1:colcon.colcon_core.package_identification:_identify(.) by extensions ['cmake', 'python']
[1.356s] Level 1:colcon.colcon_core.package_identification:_identify(.) by extension 'cmake'
[1.356s] Level 1:colcon.colcon_core.package_identification:_identify(.) by extension 'python'
[1.356s] Level 1:colcon.colcon_core.package_identification:_identify(.) by extensions ['python_setup_py']
[1.356s] Level 1:colcon.colcon_core.package_identification:_identify(.) by extension 'python_setup_py'
[1.357s] Level 1:colcon.colcon_core.package_identification:_identify(ASIMOV_FINAL_v3) by extensions ['ignore', 'ignore_ament_install']
[1.357s] Level 1:colcon.colcon_core.package_identification:_identify(ASIMOV_FINAL_v3) by extension 'ignore'
[1.357s] Level 1:colcon.colcon_core.package_identification:_identify(ASIMOV_FINAL_v3) by extension 'ignore_ament_install'
[1.358s] Level 1:colcon.colcon_core.package_identification:_identify(ASIMOV_FINAL_v3) by extensions ['colcon_pkg']
[1.358s] Level 1:colcon.colcon_core.package_identification:_identify(ASIMOV_FINAL_v3) by extension 'colcon_pkg'
[1.358s] Level 1:colcon.colcon_core.package_identification:_identify(ASIMOV_FINAL_v3) by extensions ['colcon_meta']
[1.358s] Level 1:colcon.colcon_core.package_identification:_identify(ASIMOV_FINAL_v3) by extension 'colcon_meta'
[1.358s] Level 1:colcon.colcon_core.package_identification:_identify(ASIMOV_FINAL_v3) by extensions ['ros']
[1.359s] Level 1:colcon.colcon_core.package_identification:_identify(ASIMOV_FINAL_v3) by extension 'ros'
[1.366s] DEBUG:colcon.colcon_core.package_identification:Package 'ASIMOV_FINAL_v3' with type 'ros.ament_cmake' and name 'ASIMOV_FINAL_v3'
[1.366s] Level 1:colcon.colcon_core.package_identification:_identify(build) by extensions ['ignore', 'ignore_ament_install']
[1.367s] Level 1:colcon.colcon_core.package_identification:_identify(build) by extension 'ignore'
[1.367s] Level 1:colcon.colcon_core.package_identification:_identify(build) ignored
[1.370s] Level 1:colcon.colcon_core.package_identification:_identify(install) by extensions ['ignore', 'ignore_ament_install']
[1.370s] Level 1:colcon.colcon_core.package_identification:_identify(install) by extension 'ignore'
[1.370s] Level 1:colcon.colcon_core.package_identification:_identify(install) ignored
[1.371s] Level 1:colcon.colcon_core.package_identification:_identify(log) by extensions ['ignore', 'ignore_ament_install']
[1.371s] Level 1:colcon.colcon_core.package_identification:_identify(log) by extension 'ignore'
[1.371s] Level 1:colcon.colcon_core.package_identification:_identify(log) ignored
[1.372s] Level 1:colcon.colcon_core.package_discovery:discover_packages(recursive) using defaults
[1.372s] Level 1:colcon.colcon_core.package_discovery:discover_packages(ignore) discover
[1.372s] Level 1:colcon.colcon_core.package_discovery:discover_packages(ignore) using defaults
[1.372s] Level 1:colcon.colcon_core.package_discovery:discover_packages(path) discover
[1.372s] Level 1:colcon.colcon_core.package_discovery:discover_packages(path) using defaults
[1.452s] Level 1:colcon.colcon_core.package_discovery:discover_packages(prefix_path) check parameters
[1.452s] Level 1:colcon.colcon_core.package_discovery:discover_packages(prefix_path) discover
[1.471s] DEBUG:colcon.colcon_installed_package_information.package_discovery:Found 500 installed packages in /opt/ros/humble
[1.482s] Level 1:colcon.colcon_core.package_discovery:discover_packages(prefix_path) using defaults
[1.733s] Level 5:colcon.colcon_core.verb:set package 'ASIMOV_FINAL_v3' build argument 'cmake_args' from command line to 'None'
[1.733s] Level 5:colcon.colcon_core.verb:set package 'ASIMOV_FINAL_v3' build argument 'cmake_target' from command line to 'None'
[1.733s] Level 5:colcon.colcon_core.verb:set package 'ASIMOV_FINAL_v3' build argument 'cmake_target_skip_unavailable' from command line to 'False'
[1.733s] Level 5:colcon.colcon_core.verb:set package 'ASIMOV_FINAL_v3' build argument 'cmake_clean_cache' from command line to 'False'
[1.733s] Level 5:colcon.colcon_core.verb:set package 'ASIMOV_FINAL_v3' build argument 'cmake_clean_first' from command line to 'False'
[1.733s] Level 5:colcon.colcon_core.verb:set package 'ASIMOV_FINAL_v3' build argument 'cmake_force_configure' from command line to 'False'
[1.734s] Level 5:colcon.colcon_core.verb:set package 'ASIMOV_FINAL_v3' build argument 'ament_cmake_args' from command line to 'None'
[1.735s] Level 5:colcon.colcon_core.verb:set package 'ASIMOV_FINAL_v3' build argument 'catkin_cmake_args' from command line to 'None'
[1.735s] Level 5:colcon.colcon_core.verb:set package 'ASIMOV_FINAL_v3' build argument 'catkin_skip_building_tests' from command line to 'False'
[1.735s] DEBUG:colcon.colcon_core.verb:Building package 'ASIMOV_FINAL_v3' with the following arguments: {'ament_cmake_args': None, 'build_base': '/home/moon/gzb_ws/src/build/ASIMOV_FINAL_v3', 'catkin_cmake_args': None, 'catkin_skip_building_tests': False, 'cmake_args': None, 'cmake_clean_cache': False, 'cmake_clean_first': False, 'cmake_force_configure': False, 'cmake_target': None, 'cmake_target_skip_unavailable': False, 'install_base': '/home/moon/gzb_ws/src/install/ASIMOV_FINAL_v3', 'merge_install': False, 'path': '/home/moon/gzb_ws/src/ASIMOV_FINAL_v3', 'symlink_install': False, 'test_result_base': None}
[1.736s] INFO:colcon.colcon_core.executor:Executing jobs using 'parallel' executor
[1.739s] DEBUG:colcon.colcon_parallel_executor.executor.parallel:run_until_complete
[1.740s] INFO:colcon.colcon_ros.task.ament_cmake.build:Building ROS package in '/home/moon/gzb_ws/src/ASIMOV_FINAL_v3' with build type 'ament_cmake'
[1.740s] INFO:colcon.colcon_cmake.task.cmake.build:Building CMake package in '/home/moon/gzb_ws/src/ASIMOV_FINAL_v3'
[1.750s] INFO:colcon.colcon_core.plugin_system:Skipping extension 'colcon_core.shell.bat': Not used on non-Windows systems
[1.750s] INFO:colcon.colcon_core.shell:Skip shell extension 'powershell' for command environment: Not usable outside of PowerShell
[1.751s] DEBUG:colcon.colcon_core.shell:Skip shell extension 'dsv' for command environment
[1.821s] DEBUG:colcon.colcon_core.event_handler.log_command:Invoking command in '/home/moon/gzb_ws/src/build/ASIMOV_FINAL_v3': CMAKE_PREFIX_PATH=/opt/ros/humble /usr/bin/cmake --build /home/moon/gzb_ws/src/build/ASIMOV_FINAL_v3 -- -j4 -l4
[2.964s] DEBUG:colcon.colcon_core.event_handler.log_command:Invoked command in '/home/moon/gzb_ws/src/build/ASIMOV_FINAL_v3' returned '0': CMAKE_PREFIX_PATH=/opt/ros/humble /usr/bin/cmake --build /home/moon/gzb_ws/src/build/ASIMOV_FINAL_v3 -- -j4 -l4
[3.027s] DEBUG:colcon.colcon_core.event_handler.log_command:Invoking command in '/home/moon/gzb_ws/src/build/ASIMOV_FINAL_v3': CMAKE_PREFIX_PATH=/opt/ros/humble /usr/bin/cmake --install /home/moon/gzb_ws/src/build/ASIMOV_FINAL_v3
[3.117s] Level 1:colcon.colcon_core.environment:create_environment_scripts_only(ASIMOV_FINAL_v3)
[3.121s] DEBUG:colcon.colcon_core.event_handler.log_command:Invoked command in '/home/moon/gzb_ws/src/build/ASIMOV_FINAL_v3' returned '0': CMAKE_PREFIX_PATH=/opt/ros/humble /usr/bin/cmake --install /home/moon/gzb_ws/src/build/ASIMOV_FINAL_v3
[3.129s] Level 1:colcon.colcon_core.environment:checking '/home/moon/gzb_ws/src/install/ASIMOV_FINAL_v3' for CMake module files
[3.132s] Level 1:colcon.colcon_core.environment:checking '/home/moon/gzb_ws/src/install/ASIMOV_FINAL_v3' for CMake config files
[3.133s] Level 1:colcon.colcon_core.shell:create_environment_hook('ASIMOV_FINAL_v3', 'cmake_prefix_path')
[3.133s] INFO:colcon.colcon_core.shell:Creating environment hook '/home/moon/gzb_ws/src/install/ASIMOV_FINAL_v3/share/ASIMOV_FINAL_v3/hook/cmake_prefix_path.ps1'
[3.137s] INFO:colcon.colcon_core.shell:Creating environment descriptor '/home/moon/gzb_ws/src/install/ASIMOV_FINAL_v3/share/ASIMOV_FINAL_v3/hook/cmake_prefix_path.dsv'
[3.143s] INFO:colcon.colcon_core.shell:Creating environment hook '/home/moon/gzb_ws/src/install/ASIMOV_FINAL_v3/share/ASIMOV_FINAL_v3/hook/cmake_prefix_path.sh'
[3.149s] Level 1:colcon.colcon_core.environment:checking '/home/moon/gzb_ws/src/install/ASIMOV_FINAL_v3/bin'
[3.150s] Level 1:colcon.colcon_core.environment:checking '/home/moon/gzb_ws/src/install/ASIMOV_FINAL_v3/lib/pkgconfig/ASIMOV_FINAL_v3.pc'
[3.150s] Level 1:colcon.colcon_core.environment:checking '/home/moon/gzb_ws/src/install/ASIMOV_FINAL_v3/lib/python3.10/site-packages'
[3.151s] Level 1:colcon.colcon_core.environment:checking '/home/moon/gzb_ws/src/install/ASIMOV_FINAL_v3/bin'
[3.152s] INFO:colcon.colcon_core.shell:Creating package script '/home/moon/gzb_ws/src/install/ASIMOV_FINAL_v3/share/ASIMOV_FINAL_v3/package.ps1'
[3.155s] INFO:colcon.colcon_core.shell:Creating package descriptor '/home/moon/gzb_ws/src/install/ASIMOV_FINAL_v3/share/ASIMOV_FINAL_v3/package.dsv'
[3.157s] INFO:colcon.colcon_core.shell:Creating package script '/home/moon/gzb_ws/src/install/ASIMOV_FINAL_v3/share/ASIMOV_FINAL_v3/package.sh'
[3.161s] INFO:colcon.colcon_core.shell:Creating package script '/home/moon/gzb_ws/src/install/ASIMOV_FINAL_v3/share/ASIMOV_FINAL_v3/package.bash'
[3.164s] INFO:colcon.colcon_core.shell:Creating package script '/home/moon/gzb_ws/src/install/ASIMOV_FINAL_v3/share/ASIMOV_FINAL_v3/package.zsh'
[3.166s] Level 1:colcon.colcon_core.environment:create_file_with_runtime_dependencies(/home/moon/gzb_ws/src/install/ASIMOV_FINAL_v3/share/colcon-core/packages/ASIMOV_FINAL_v3)
[3.170s] Level 1:colcon.colcon_core.environment:create_environment_scripts_only(ASIMOV_FINAL_v3)
[3.172s] Level 1:colcon.colcon_core.environment:checking '/home/moon/gzb_ws/src/install/ASIMOV_FINAL_v3' for CMake module files
[3.175s] Level 1:colcon.colcon_core.environment:checking '/home/moon/gzb_ws/src/install/ASIMOV_FINAL_v3' for CMake config files
[3.177s] Level 1:colcon.colcon_core.shell:create_environment_hook('ASIMOV_FINAL_v3', 'cmake_prefix_path')
[3.177s] INFO:colcon.colcon_core.shell:Creating environment hook '/home/moon/gzb_ws/src/install/ASIMOV_FINAL_v3/share/ASIMOV_FINAL_v3/hook/cmake_prefix_path.ps1'
[3.180s] INFO:colcon.colcon_core.shell:Creating environment descriptor '/home/moon/gzb_ws/src/install/ASIMOV_FINAL_v3/share/ASIMOV_FINAL_v3/hook/cmake_prefix_path.dsv'
[3.182s] INFO:colcon.colcon_core.shell:Creating environment hook '/home/moon/gzb_ws/src/install/ASIMOV_FINAL_v3/share/ASIMOV_FINAL_v3/hook/cmake_prefix_path.sh'
[3.185s] Level 1:colcon.colcon_core.environment:checking '/home/moon/gzb_ws/src/install/ASIMOV_FINAL_v3/bin'
[3.185s] Level 1:colcon.colcon_core.environment:checking '/home/moon/gzb_ws/src/install/ASIMOV_FINAL_v3/lib/pkgconfig/ASIMOV_FINAL_v3.pc'
[3.186s] Level 1:colcon.colcon_core.environment:checking '/home/moon/gzb_ws/src/install/ASIMOV_FINAL_v3/lib/python3.10/site-packages'
[3.187s] Level 1:colcon.colcon_core.environment:checking '/home/moon/gzb_ws/src/install/ASIMOV_FINAL_v3/bin'
[3.188s] INFO:colcon.colcon_core.shell:Creating package script '/home/moon/gzb_ws/src/install/ASIMOV_FINAL_v3/share/ASIMOV_FINAL_v3/package.ps1'
[3.190s] INFO:colcon.colcon_core.shell:Creating package descriptor '/home/moon/gzb_ws/src/install/ASIMOV_FINAL_v3/share/ASIMOV_FINAL_v3/package.dsv'
[3.192s] INFO:colcon.colcon_core.shell:Creating package script '/home/moon/gzb_ws/src/install/ASIMOV_FINAL_v3/share/ASIMOV_FINAL_v3/package.sh'
[3.194s] INFO:colcon.colcon_core.shell:Creating package script '/home/moon/gzb_ws/src/install/ASIMOV_FINAL_v3/share/ASIMOV_FINAL_v3/package.bash'
[3.196s] INFO:colcon.colcon_core.shell:Creating package script '/home/moon/gzb_ws/src/install/ASIMOV_FINAL_v3/share/ASIMOV_FINAL_v3/package.zsh'
[3.197s] Level 1:colcon.colcon_core.environment:create_file_with_runtime_dependencies(/home/moon/gzb_ws/src/install/ASIMOV_FINAL_v3/share/colcon-core/packages/ASIMOV_FINAL_v3)
[3.199s] DEBUG:colcon.colcon_parallel_executor.executor.parallel:closing loop
[3.200s] DEBUG:colcon.colcon_parallel_executor.executor.parallel:loop closed
[3.200s] DEBUG:colcon.colcon_parallel_executor.executor.parallel:run_until_complete finished with '0'
[3.200s] DEBUG:colcon.colcon_core.event_reactor:joining thread
[3.229s] INFO:colcon.colcon_core.plugin_system:Skipping extension 'colcon_notification.desktop_notification.terminal_notifier': Not used on non-Darwin systems
[3.230s] INFO:colcon.colcon_core.plugin_system:Skipping extension 'colcon_notification.desktop_notification.win32': Not used on non-Windows systems
[3.230s] INFO:colcon.colcon_notification.desktop_notification:Sending desktop notification using 'notify2'
[3.306s] DEBUG:colcon.colcon_core.event_reactor:joined thread
[3.307s] INFO:colcon.colcon_core.shell:Creating prefix script '/home/moon/gzb_ws/src/install/local_setup.ps1'
[3.320s] INFO:colcon.colcon_core.shell:Creating prefix util module '/home/moon/gzb_ws/src/install/_local_setup_util_ps1.py'
[3.325s] INFO:colcon.colcon_core.shell:Creating prefix chain script '/home/moon/gzb_ws/src/install/setup.ps1'
[3.330s] INFO:colcon.colcon_core.shell:Creating prefix script '/home/moon/gzb_ws/src/install/local_setup.sh'
[3.334s] INFO:colcon.colcon_core.shell:Creating prefix util module '/home/moon/gzb_ws/src/install/_local_setup_util_sh.py'
[3.337s] INFO:colcon.colcon_core.shell:Creating prefix chain script '/home/moon/gzb_ws/src/install/setup.sh'
[3.344s] INFO:colcon.colcon_core.shell:Creating prefix script '/home/moon/gzb_ws/src/install/local_setup.bash'
[3.347s] INFO:colcon.colcon_core.shell:Creating prefix chain script '/home/moon/gzb_ws/src/install/setup.bash'
[3.355s] INFO:colcon.colcon_core.shell:Creating prefix script '/home/moon/gzb_ws/src/install/local_setup.zsh'
[3.358s] INFO:colcon.colcon_core.shell:Creating prefix chain script '/home/moon/gzb_ws/src/install/setup.zsh'
