[2.846s] DEBUG:colcon:Command line arguments: ['/usr/bin/colcon', 'build']
[2.847s] DEBUG:colcon:Parsed command line arguments: Namespace(log_base=None, log_level=None, verb_name='build', build_base='build', install_base='install', merge_install=False, symlink_install=False, test_result_base=None, continue_on_error=False, executor='parallel', parallel_workers=4, event_handlers=None, ignore_user_meta=False, metas=['./colcon.meta'], base_paths=['.'], packages_ignore=None, packages_ignore_regex=None, paths=None, packages_up_to=None, packages_up_to_regex=None, packages_above=None, packages_above_and_dependencies=None, packages_above_depth=None, packages_select_by_dep=None, packages_skip_by_dep=None, packages_skip_up_to=None, packages_select_build_failed=False, packages_skip_build_finished=False, packages_select_test_failures=False, packages_skip_test_passed=False, packages_select=None, packages_skip=None, packages_select_regex=None, packages_skip_regex=None, packages_start=None, packages_end=None, allow_overriding=[], cmake_args=None, cmake_target=None, cmake_target_skip_unavailable=False, cmake_clean_cache=False, cmake_clean_first=False, cmake_force_configure=False, ament_cmake_args=None, catkin_cmake_args=None, catkin_skip_building_tests=False, mixin_files=None, mixin=None, verb_parser=<colcon_mixin.mixin.mixin_argument.MixinArgumentDecorator object at 0x781c29d73160>, verb_extension=<colcon_core.verb.build.BuildVerb object at 0x781c29d72ad0>, main=<bound method BuildVerb.main of <colcon_core.verb.build.BuildVerb object at 0x781c29d72ad0>>, mixin_verb=('build',))
[4.913s] Level 1:colcon.colcon_core.package_discovery:discover_packages(colcon_meta) check parameters
[4.914s] Level 1:colcon.colcon_core.package_discovery:discover_packages(recursive) check parameters
[4.914s] Level 1:colcon.colcon_core.package_discovery:discover_packages(ignore) check parameters
[4.915s] Level 1:colcon.colcon_core.package_discovery:discover_packages(path) check parameters
[4.915s] Level 1:colcon.colcon_core.package_discovery:discover_packages(colcon_meta) discover
[4.915s] Level 1:colcon.colcon_core.package_discovery:discover_packages(recursive) discover
[4.915s] INFO:colcon.colcon_core.package_discovery:Crawling recursively for packages in '/home/moon/gzb_ws/src'
[4.916s] Level 1:colcon.colcon_core.package_identification:_identify(.) by extensions ['ignore', 'ignore_ament_install']
[4.918s] Level 1:colcon.colcon_core.package_identification:_identify(.) by extension 'ignore'
[4.918s] Level 1:colcon.colcon_core.package_identification:_identify(.) by extension 'ignore_ament_install'
[4.918s] Level 1:colcon.colcon_core.package_identification:_identify(.) by extensions ['colcon_pkg']
[4.918s] Level 1:colcon.colcon_core.package_identification:_identify(.) by extension 'colcon_pkg'
[4.918s] Level 1:colcon.colcon_core.package_identification:_identify(.) by extensions ['colcon_meta']
[4.919s] Level 1:colcon.colcon_core.package_identification:_identify(.) by extension 'colcon_meta'
[4.919s] Level 1:colcon.colcon_core.package_identification:_identify(.) by extensions ['ros']
[4.919s] Level 1:colcon.colcon_core.package_identification:_identify(.) by extension 'ros'
[5.084s] Level 1:colcon.colcon_core.package_identification:_identify(.) by extensions ['cmake', 'python']
[5.084s] Level 1:colcon.colcon_core.package_identification:_identify(.) by extension 'cmake'
[5.085s] Level 1:colcon.colcon_core.package_identification:_identify(.) by extension 'python'
[5.085s] Level 1:colcon.colcon_core.package_identification:_identify(.) by extensions ['python_setup_py']
[5.085s] Level 1:colcon.colcon_core.package_identification:_identify(.) by extension 'python_setup_py'
[5.086s] Level 1:colcon.colcon_core.package_identification:_identify(ASIMOV_FINAL_v3) by extensions ['ignore', 'ignore_ament_install']
[5.087s] Level 1:colcon.colcon_core.package_identification:_identify(ASIMOV_FINAL_v3) by extension 'ignore'
[5.087s] Level 1:colcon.colcon_core.package_identification:_identify(ASIMOV_FINAL_v3) by extension 'ignore_ament_install'
[5.087s] Level 1:colcon.colcon_core.package_identification:_identify(ASIMOV_FINAL_v3) by extensions ['colcon_pkg']
[5.087s] Level 1:colcon.colcon_core.package_identification:_identify(ASIMOV_FINAL_v3) by extension 'colcon_pkg'
[5.088s] Level 1:colcon.colcon_core.package_identification:_identify(ASIMOV_FINAL_v3) by extensions ['colcon_meta']
[5.088s] Level 1:colcon.colcon_core.package_identification:_identify(ASIMOV_FINAL_v3) by extension 'colcon_meta'
[5.088s] Level 1:colcon.colcon_core.package_identification:_identify(ASIMOV_FINAL_v3) by extensions ['ros']
[5.089s] Level 1:colcon.colcon_core.package_identification:_identify(ASIMOV_FINAL_v3) by extension 'ros'
[5.108s] DEBUG:colcon.colcon_core.package_identification:Package 'ASIMOV_FINAL_v3' with type 'ros.ament_cmake' and name 'ASIMOV_FINAL_v3'
[5.109s] Level 1:colcon.colcon_core.package_identification:_identify(build) by extensions ['ignore', 'ignore_ament_install']
[5.109s] Level 1:colcon.colcon_core.package_identification:_identify(build) by extension 'ignore'
[5.110s] Level 1:colcon.colcon_core.package_identification:_identify(build) ignored
[5.110s] Level 1:colcon.colcon_core.package_identification:_identify(install) by extensions ['ignore', 'ignore_ament_install']
[5.111s] Level 1:colcon.colcon_core.package_identification:_identify(install) by extension 'ignore'
[5.111s] Level 1:colcon.colcon_core.package_identification:_identify(install) ignored
[5.112s] Level 1:colcon.colcon_core.package_identification:_identify(log) by extensions ['ignore', 'ignore_ament_install']
[5.112s] Level 1:colcon.colcon_core.package_identification:_identify(log) by extension 'ignore'
[5.112s] Level 1:colcon.colcon_core.package_identification:_identify(log) ignored
[5.112s] Level 1:colcon.colcon_core.package_discovery:discover_packages(recursive) using defaults
[5.113s] Level 1:colcon.colcon_core.package_discovery:discover_packages(ignore) discover
[5.113s] Level 1:colcon.colcon_core.package_discovery:discover_packages(ignore) using defaults
[5.113s] Level 1:colcon.colcon_core.package_discovery:discover_packages(path) discover
[5.113s] Level 1:colcon.colcon_core.package_discovery:discover_packages(path) using defaults
[5.313s] Level 1:colcon.colcon_core.package_discovery:discover_packages(prefix_path) check parameters
[5.314s] Level 1:colcon.colcon_core.package_discovery:discover_packages(prefix_path) discover
[5.364s] DEBUG:colcon.colcon_installed_package_information.package_discovery:Found 500 installed packages in /opt/ros/humble
[5.378s] Level 1:colcon.colcon_core.package_discovery:discover_packages(prefix_path) using defaults
[6.021s] Level 5:colcon.colcon_core.verb:set package 'ASIMOV_FINAL_v3' build argument 'cmake_args' from command line to 'None'
[6.021s] Level 5:colcon.colcon_core.verb:set package 'ASIMOV_FINAL_v3' build argument 'cmake_target' from command line to 'None'
[6.021s] Level 5:colcon.colcon_core.verb:set package 'ASIMOV_FINAL_v3' build argument 'cmake_target_skip_unavailable' from command line to 'False'
[6.022s] Level 5:colcon.colcon_core.verb:set package 'ASIMOV_FINAL_v3' build argument 'cmake_clean_cache' from command line to 'False'
[6.022s] Level 5:colcon.colcon_core.verb:set package 'ASIMOV_FINAL_v3' build argument 'cmake_clean_first' from command line to 'False'
[6.022s] Level 5:colcon.colcon_core.verb:set package 'ASIMOV_FINAL_v3' build argument 'cmake_force_configure' from command line to 'False'
[6.022s] Level 5:colcon.colcon_core.verb:set package 'ASIMOV_FINAL_v3' build argument 'ament_cmake_args' from command line to 'None'
[6.022s] Level 5:colcon.colcon_core.verb:set package 'ASIMOV_FINAL_v3' build argument 'catkin_cmake_args' from command line to 'None'
[6.022s] Level 5:colcon.colcon_core.verb:set package 'ASIMOV_FINAL_v3' build argument 'catkin_skip_building_tests' from command line to 'False'
[6.022s] DEBUG:colcon.colcon_core.verb:Building package 'ASIMOV_FINAL_v3' with the following arguments: {'ament_cmake_args': None, 'build_base': '/home/moon/gzb_ws/src/build/ASIMOV_FINAL_v3', 'catkin_cmake_args': None, 'catkin_skip_building_tests': False, 'cmake_args': None, 'cmake_clean_cache': False, 'cmake_clean_first': False, 'cmake_force_configure': False, 'cmake_target': None, 'cmake_target_skip_unavailable': False, 'install_base': '/home/moon/gzb_ws/src/install/ASIMOV_FINAL_v3', 'merge_install': False, 'path': '/home/moon/gzb_ws/src/ASIMOV_FINAL_v3', 'symlink_install': False, 'test_result_base': None}
[6.023s] INFO:colcon.colcon_core.executor:Executing jobs using 'parallel' executor
[6.030s] DEBUG:colcon.colcon_parallel_executor.executor.parallel:run_until_complete
[6.032s] INFO:colcon.colcon_ros.task.ament_cmake.build:Building ROS package in '/home/moon/gzb_ws/src/ASIMOV_FINAL_v3' with build type 'ament_cmake'
[6.032s] INFO:colcon.colcon_cmake.task.cmake.build:Building CMake package in '/home/moon/gzb_ws/src/ASIMOV_FINAL_v3'
[6.083s] INFO:colcon.colcon_core.plugin_system:Skipping extension 'colcon_core.shell.bat': Not used on non-Windows systems
[6.084s] INFO:colcon.colcon_core.shell:Skip shell extension 'powershell' for command environment: Not usable outside of PowerShell
[6.084s] DEBUG:colcon.colcon_core.shell:Skip shell extension 'dsv' for command environment
[6.145s] DEBUG:colcon.colcon_core.event_handler.log_command:Invoking command in '/home/moon/gzb_ws/src/build/ASIMOV_FINAL_v3': CMAKE_PREFIX_PATH=/opt/ros/humble /usr/bin/cmake /home/moon/gzb_ws/src/ASIMOV_FINAL_v3 -DCMAKE_INSTALL_PREFIX=/home/moon/gzb_ws/src/install/ASIMOV_FINAL_v3
[11.131s] DEBUG:colcon.colcon_core.event_handler.log_command:Invoked command in '/home/moon/gzb_ws/src/build/ASIMOV_FINAL_v3' returned '0': CMAKE_PREFIX_PATH=/opt/ros/humble /usr/bin/cmake /home/moon/gzb_ws/src/ASIMOV_FINAL_v3 -DCMAKE_INSTALL_PREFIX=/home/moon/gzb_ws/src/install/ASIMOV_FINAL_v3
[11.135s] DEBUG:colcon.colcon_core.event_handler.log_command:Invoking command in '/home/moon/gzb_ws/src/build/ASIMOV_FINAL_v3': CMAKE_PREFIX_PATH=/opt/ros/humble /usr/bin/cmake --build /home/moon/gzb_ws/src/build/ASIMOV_FINAL_v3 -- -j4 -l4
[11.387s] DEBUG:colcon.colcon_core.event_handler.log_command:Invoked command in '/home/moon/gzb_ws/src/build/ASIMOV_FINAL_v3' returned '0': CMAKE_PREFIX_PATH=/opt/ros/humble /usr/bin/cmake --build /home/moon/gzb_ws/src/build/ASIMOV_FINAL_v3 -- -j4 -l4
[11.454s] DEBUG:colcon.colcon_core.event_handler.log_command:Invoking command in '/home/moon/gzb_ws/src/build/ASIMOV_FINAL_v3': CMAKE_PREFIX_PATH=/opt/ros/humble /usr/bin/cmake --install /home/moon/gzb_ws/src/build/ASIMOV_FINAL_v3
[12.105s] Level 1:colcon.colcon_core.environment:create_environment_scripts_only(ASIMOV_FINAL_v3)
[12.107s] DEBUG:colcon.colcon_core.event_handler.log_command:Invoked command in '/home/moon/gzb_ws/src/build/ASIMOV_FINAL_v3' returned '1': CMAKE_PREFIX_PATH=/opt/ros/humble /usr/bin/cmake --install /home/moon/gzb_ws/src/build/ASIMOV_FINAL_v3
[12.151s] Level 1:colcon.colcon_core.environment:checking '/home/moon/gzb_ws/src/install/ASIMOV_FINAL_v3' for CMake module files
[12.153s] Level 1:colcon.colcon_core.environment:checking '/home/moon/gzb_ws/src/install/ASIMOV_FINAL_v3' for CMake config files
[12.156s] Level 1:colcon.colcon_core.environment:checking '/home/moon/gzb_ws/src/install/ASIMOV_FINAL_v3/bin'
[12.156s] Level 1:colcon.colcon_core.environment:checking '/home/moon/gzb_ws/src/install/ASIMOV_FINAL_v3/lib/pkgconfig/ASIMOV_FINAL_v3.pc'
[12.157s] Level 1:colcon.colcon_core.environment:checking '/home/moon/gzb_ws/src/install/ASIMOV_FINAL_v3/lib/python3.10/site-packages'
[12.157s] Level 1:colcon.colcon_core.environment:checking '/home/moon/gzb_ws/src/install/ASIMOV_FINAL_v3/bin'
[12.158s] INFO:colcon.colcon_core.shell:Creating package script '/home/moon/gzb_ws/src/install/ASIMOV_FINAL_v3/share/ASIMOV_FINAL_v3/package.ps1'
[12.166s] INFO:colcon.colcon_core.shell:Creating package descriptor '/home/moon/gzb_ws/src/install/ASIMOV_FINAL_v3/share/ASIMOV_FINAL_v3/package.dsv'
[12.170s] INFO:colcon.colcon_core.shell:Creating package script '/home/moon/gzb_ws/src/install/ASIMOV_FINAL_v3/share/ASIMOV_FINAL_v3/package.sh'
[12.174s] INFO:colcon.colcon_core.shell:Creating package script '/home/moon/gzb_ws/src/install/ASIMOV_FINAL_v3/share/ASIMOV_FINAL_v3/package.bash'
[12.180s] INFO:colcon.colcon_core.shell:Creating package script '/home/moon/gzb_ws/src/install/ASIMOV_FINAL_v3/share/ASIMOV_FINAL_v3/package.zsh'
[12.185s] Level 1:colcon.colcon_core.environment:create_file_with_runtime_dependencies(/home/moon/gzb_ws/src/install/ASIMOV_FINAL_v3/share/colcon-core/packages/ASIMOV_FINAL_v3)
[12.197s] DEBUG:colcon.colcon_parallel_executor.executor.parallel:closing loop
[12.198s] DEBUG:colcon.colcon_parallel_executor.executor.parallel:loop closed
[12.198s] DEBUG:colcon.colcon_parallel_executor.executor.parallel:run_until_complete finished with '1'
[12.199s] DEBUG:colcon.colcon_core.event_reactor:joining thread
[12.269s] INFO:colcon.colcon_core.plugin_system:Skipping extension 'colcon_notification.desktop_notification.terminal_notifier': Not used on non-Darwin systems
[12.269s] INFO:colcon.colcon_core.plugin_system:Skipping extension 'colcon_notification.desktop_notification.win32': Not used on non-Windows systems
[12.269s] INFO:colcon.colcon_notification.desktop_notification:Sending desktop notification using 'notify2'
[12.679s] DEBUG:colcon.colcon_core.event_reactor:joined thread
[12.680s] INFO:colcon.colcon_core.shell:Creating prefix script '/home/moon/gzb_ws/src/install/local_setup.ps1'
[12.685s] INFO:colcon.colcon_core.shell:Creating prefix util module '/home/moon/gzb_ws/src/install/_local_setup_util_ps1.py'
[12.693s] INFO:colcon.colcon_core.shell:Creating prefix chain script '/home/moon/gzb_ws/src/install/setup.ps1'
[12.700s] INFO:colcon.colcon_core.shell:Creating prefix script '/home/moon/gzb_ws/src/install/local_setup.sh'
[12.703s] INFO:colcon.colcon_core.shell:Creating prefix util module '/home/moon/gzb_ws/src/install/_local_setup_util_sh.py'
[12.705s] INFO:colcon.colcon_core.shell:Creating prefix chain script '/home/moon/gzb_ws/src/install/setup.sh'
[12.713s] INFO:colcon.colcon_core.shell:Creating prefix script '/home/moon/gzb_ws/src/install/local_setup.bash'
[12.718s] INFO:colcon.colcon_core.shell:Creating prefix chain script '/home/moon/gzb_ws/src/install/setup.bash'
[12.725s] INFO:colcon.colcon_core.shell:Creating prefix script '/home/moon/gzb_ws/src/install/local_setup.zsh'
[12.731s] INFO:colcon.colcon_core.shell:Creating prefix chain script '/home/moon/gzb_ws/src/install/setup.zsh'
