[0.075s] Invoking command in '/home/moon/gzb_ws/src/build/ASIMOV_FINAL_v3': CMAKE_PREFIX_PATH=/opt/ros/humble /usr/bin/cmake --build /home/moon/gzb_ws/src/build/ASIMOV_FINAL_v3 -- -j4 -l4
[0.215s] -- Found ament_cmake: 1.3.12 (/opt/ros/humble/share/ament_cmake/cmake)
[1.015s] WARNING: Package name "ASIMOV_FINAL_v3" does not follow the naming conventions. It should start with a lower case letter and only contain lower case letters, digits, underscores, and dashes.
[1.055s] -- Configuring done
[1.075s] -- Generating done
[1.088s] -- Build files have been written to: /home/moon/gzb_ws/src/build/ASIMOV_FINAL_v3
[1.221s] Invoked command in '/home/moon/gzb_ws/src/build/ASIMOV_FINAL_v3' returned '0': CMAKE_PREFIX_PATH=/opt/ros/humble /usr/bin/cmake --build /home/moon/gzb_ws/src/build/ASIMOV_FINAL_v3 -- -j4 -l4
[1.284s] Invoking command in '/home/moon/gzb_ws/src/build/ASIMOV_FINAL_v3': CMAKE_PREFIX_PATH=/opt/ros/humble /usr/bin/cmake --install /home/moon/gzb_ws/src/build/ASIMOV_FINAL_v3
[1.329s] -- Install configuration: ""
[1.329s] -- Up-to-date: /home/moon/gzb_ws/src/install/ASIMOV_FINAL_v3/share/ASIMOV_FINAL_v3/config
[1.332s] -- Up-to-date: /home/moon/gzb_ws/src/install/ASIMOV_FINAL_v3/share/ASIMOV_FINAL_v3/config/joint_names_ASIMOV_FINAL_v3.yaml
[1.333s] -- Up-to-date: /home/moon/gzb_ws/src/install/ASIMOV_FINAL_v3/share/ASIMOV_FINAL_v3/launch
[1.333s] -- Up-to-date: /home/moon/gzb_ws/src/install/ASIMOV_FINAL_v3/share/ASIMOV_FINAL_v3/launch/display.launch.py
[1.333s] -- Up-to-date: /home/moon/gzb_ws/src/install/ASIMOV_FINAL_v3/share/ASIMOV_FINAL_v3/meshes
[1.334s] -- Up-to-date: /home/moon/gzb_ws/src/install/ASIMOV_FINAL_v3/share/ASIMOV_FINAL_v3/meshes/RL_wheel.STL
[1.334s] -- Up-to-date: /home/moon/gzb_ws/src/install/ASIMOV_FINAL_v3/share/ASIMOV_FINAL_v3/meshes/RR_wheel.STL
[1.334s] -- Up-to-date: /home/moon/gzb_ws/src/install/ASIMOV_FINAL_v3/share/ASIMOV_FINAL_v3/meshes/FL_wheel.STL
[1.335s] -- Up-to-date: /home/moon/gzb_ws/src/install/ASIMOV_FINAL_v3/share/ASIMOV_FINAL_v3/meshes/base_link.STL
[1.335s] -- Up-to-date: /home/moon/gzb_ws/src/install/ASIMOV_FINAL_v3/share/ASIMOV_FINAL_v3/meshes/FR_wheel.STL
[1.335s] -- Installing: /home/moon/gzb_ws/src/install/ASIMOV_FINAL_v3/share/ASIMOV_FINAL_v3/urdf
[1.336s] -- Installing: /home/moon/gzb_ws/src/install/ASIMOV_FINAL_v3/share/ASIMOV_FINAL_v3/urdf/ASIMOV_FINAL_v3.csv
[1.337s] -- Installing: /home/moon/gzb_ws/src/install/ASIMOV_FINAL_v3/share/ASIMOV_FINAL_v3/urdf/ASIMOV_FINAL_v3.urdf
[1.343s] -- Installing: /home/moon/gzb_ws/src/install/ASIMOV_FINAL_v3/share/ament_index/resource_index/package_run_dependencies/ASIMOV_FINAL_v3
[1.344s] -- Installing: /home/moon/gzb_ws/src/install/ASIMOV_FINAL_v3/share/ament_index/resource_index/parent_prefix_path/ASIMOV_FINAL_v3
[1.347s] -- Installing: /home/moon/gzb_ws/src/install/ASIMOV_FINAL_v3/share/ASIMOV_FINAL_v3/environment/ament_prefix_path.sh
[1.348s] -- Installing: /home/moon/gzb_ws/src/install/ASIMOV_FINAL_v3/share/ASIMOV_FINAL_v3/environment/ament_prefix_path.dsv
[1.350s] -- Installing: /home/moon/gzb_ws/src/install/ASIMOV_FINAL_v3/share/ASIMOV_FINAL_v3/environment/path.sh
[1.351s] -- Installing: /home/moon/gzb_ws/src/install/ASIMOV_FINAL_v3/share/ASIMOV_FINAL_v3/environment/path.dsv
[1.354s] -- Installing: /home/moon/gzb_ws/src/install/ASIMOV_FINAL_v3/share/ASIMOV_FINAL_v3/local_setup.bash
[1.355s] -- Installing: /home/moon/gzb_ws/src/install/ASIMOV_FINAL_v3/share/ASIMOV_FINAL_v3/local_setup.sh
[1.357s] -- Installing: /home/moon/gzb_ws/src/install/ASIMOV_FINAL_v3/share/ASIMOV_FINAL_v3/local_setup.zsh
[1.357s] -- Installing: /home/moon/gzb_ws/src/install/ASIMOV_FINAL_v3/share/ASIMOV_FINAL_v3/local_setup.dsv
[1.360s] -- Installing: /home/moon/gzb_ws/src/install/ASIMOV_FINAL_v3/share/ASIMOV_FINAL_v3/package.dsv
[1.363s] -- Installing: /home/moon/gzb_ws/src/install/ASIMOV_FINAL_v3/share/ament_index/resource_index/packages/ASIMOV_FINAL_v3
[1.364s] -- Installing: /home/moon/gzb_ws/src/install/ASIMOV_FINAL_v3/share/ASIMOV_FINAL_v3/cmake/ASIMOV_FINAL_v3Config.cmake
[1.364s] -- Installing: /home/moon/gzb_ws/src/install/ASIMOV_FINAL_v3/share/ASIMOV_FINAL_v3/cmake/ASIMOV_FINAL_v3Config-version.cmake
[1.366s] -- Installing: /home/moon/gzb_ws/src/install/ASIMOV_FINAL_v3/share/ASIMOV_FINAL_v3/package.xml
[1.377s] Invoked command in '/home/moon/gzb_ws/src/build/ASIMOV_FINAL_v3' returned '0': CMAKE_PREFIX_PATH=/opt/ros/humble /usr/bin/cmake --install /home/moon/gzb_ws/src/build/ASIMOV_FINAL_v3
